# JRE version: OpenJDK Runtime Environment (11.0.7+10) (build 11.0.7+10-post-Ubuntu-2ubuntu218.04)
# Java VM: OpenJDK 64-Bit Server VM (11.0.7+10-post-Ubuntu-2ubuntu218.04, mixed mode, sharing, tiered, compressed oops, g1 gc, linux-amd64)
Heap:
 garbage-first heap   total 92160K, used 39746K [0x00000000c4000000, 0x0000000100000000)
  region size 1024K, 15 young (15360K), 4 survivors (4096K)
 Metaspace       used 64218K, capacity 65768K, committed 66048K, reserved 1105920K
  class space    used 8241K, capacity 8861K, committed 8960K, reserved 1048576K
GC Heap History (20 events):
Event: 29,980 GC heap before
{Heap before GC invocations=22 (full 0):
 garbage-first heap   total 76800K, used 58585K [0x00000000c4000000, 0x0000000100000000)
  region size 1024K, 40 young (40960K), 4 survivors (4096K)
 Metaspace       used 40792K, capacity 41973K, committed 42368K, reserved 1085440K
  class space    used 4939K, capacity 5384K, committed 5504K, reserved 1048576K
}
Event: 29,989 GC heap after
{Heap after GC invocations=23 (full 0):
 garbage-first heap   total 76800K, used 22498K [0x00000000c4000000, 0x0000000100000000)
  region size 1024K, 4 young (4096K), 4 survivors (4096K)
 Metaspace       used 40792K, capacity 41973K, committed 42368K, reserved 1085440K
  class space    used 4939K, capacity 5384K, committed 5504K, reserved 1048576K
}
Event: 30,830 GC heap before
{Heap before GC invocations=23 (full 0):
 garbage-first heap   total 76800K, used 59362K [0x00000000c4000000, 0x0000000100000000)
  region size 1024K, 40 young (40960K), 4 survivors (4096K)
 Metaspace       used 43926K, capacity 45100K, committed 45440K, reserved 1089536K
  class space    used 5524K, capacity 5977K, committed 6016K, reserved 1048576K
}
Event: 30,840 GC heap after
{Heap after GC invocations=24 (full 0):
 garbage-first heap   total 76800K, used 23249K [0x00000000c4000000, 0x0000000100000000)
  region size 1024K, 4 young (4096K), 4 survivors (4096K)
 Metaspace       used 43926K, capacity 45100K, committed 45440K, reserved 1089536K
  class space    used 5524K, capacity 5977K, committed 6016K, reserved 1048576K
}
Event: 31,929 GC heap before
{Heap before GC invocations=24 (full 0):
 garbage-first heap   total 76800K, used 60113K [0x00000000c4000000, 0x0000000100000000)
  region size 1024K, 40 young (40960K), 4 survivors (4096K)
 Metaspace       used 46959K, capacity 48122K, committed 48384K, reserved 1091584K
  class space    used 5913K, capacity 6366K, committed 6400K, reserved 1048576K
}
Event: 31,936 GC heap after
{Heap after GC invocations=25 (full 0):
 garbage-first heap   total 76800K, used 23681K [0x00000000c4000000, 0x0000000100000000)
  region size 1024K, 4 young (4096K), 4 survivors (4096K)
 Metaspace       used 46959K, capacity 48122K, committed 48384K, reserved 1091584K
  class space    used 5913K, capacity 6366K, committed 6400K, reserved 1048576K
}
Event: 33,154 GC heap before
{Heap before GC invocations=25 (full 0):
 garbage-first heap   total 76800K, used 60545K [0x00000000c4000000, 0x0000000100000000)
  region size 1024K, 40 young (40960K), 4 survivors (4096K)
 Metaspace       used 49904K, capacity 51153K, committed 51456K, reserved 1093632K
  class space    used 6332K, capacity 6799K, committed 6912K, reserved 1048576K
}
Event: 33,165 GC heap after
{Heap after GC invocations=26 (full 0):
 garbage-first heap   total 76800K, used 24125K [0x00000000c4000000, 0x0000000100000000)
  region size 1024K, 3 young (3072K), 3 survivors (3072K)
 Metaspace       used 49904K, capacity 51153K, committed 51456K, reserved 1093632K
  class space    used 6332K, capacity 6799K, committed 6912K, reserved 1048576K
}
Event: 34,691 GC heap before
{Heap before GC invocations=26 (full 0):
 garbage-first heap   total 76800K, used 60989K [0x00000000c4000000, 0x0000000100000000)
  region size 1024K, 39 young (39936K), 3 survivors (3072K)
 Metaspace       used 52838K, capacity 54034K, committed 54144K, reserved 1095680K
  class space    used 6810K, capacity 7263K, committed 7296K, reserved 1048576K
}
Event: 34,706 GC heap after
{Heap after GC invocations=27 (full 0):
 garbage-first heap   total 76800K, used 24586K [0x00000000c4000000, 0x0000000100000000)
  region size 1024K, 3 young (3072K), 3 survivors (3072K)
 Metaspace       used 52838K, capacity 54034K, committed 54144K, reserved 1095680K
  class space    used 6810K, capacity 7263K, committed 7296K, reserved 1048576K
}
Event: 35,798 GC heap before
{Heap before GC invocations=27 (full 0):
 garbage-first heap   total 76800K, used 61450K [0x00000000c4000000, 0x0000000100000000)
  region size 1024K, 39 young (39936K), 3 survivors (3072K)
 Metaspace       used 55798K, capacity 57142K, committed 57472K, reserved 1099776K
  class space    used 7199K, capacity 7705K, committed 7808K, reserved 1048576K
}
Event: 35,817 GC heap after
{Heap after GC invocations=28 (full 0):
 garbage-first heap   total 76800K, used 25997K [0x00000000c4000000, 0x0000000100000000)
  region size 1024K, 4 young (4096K), 4 survivors (4096K)
 Metaspace       used 55798K, capacity 57142K, committed 57472K, reserved 1099776K
  class space    used 7199K, capacity 7705K, committed 7808K, reserved 1048576K
}
Event: 36,612 GC heap before
{Heap before GC invocations=28 (full 0):
 garbage-first heap   total 76800K, used 61837K [0x00000000c4000000, 0x0000000100000000)
  region size 1024K, 39 young (39936K), 4 survivors (4096K)
 Metaspace       used 57873K, capacity 59282K, committed 59520K, reserved 1101824K
  class space    used 7426K, capacity 7948K, committed 8064K, reserved 1048576K
}
Event: 36,621 GC heap after
{Heap after GC invocations=29 (full 0):
 garbage-first heap   total 92160K, used 27378K [0x00000000c4000000, 0x0000000100000000)
  region size 1024K, 4 young (4096K), 4 survivors (4096K)
 Metaspace       used 57873K, capacity 59282K, committed 59520K, reserved 1101824K
  class space    used 7426K, capacity 7948K, committed 8064K, reserved 1048576K
}
Event: 37,997 GC heap before
{Heap before GC invocations=29 (full 0):
 garbage-first heap   total 92160K, used 44786K [0x00000000c4000000, 0x0000000100000000)
  region size 1024K, 22 young (22528K), 4 survivors (4096K)
 Metaspace       used 58597K, capacity 60005K, committed 60160K, reserved 1101824K
  class space    used 7527K, capacity 8101K, committed 8192K, reserved 1048576K
}
Event: 38,010 GC heap after
{Heap after GC invocations=30 (full 0):
 garbage-first heap   total 92160K, used 27948K [0x00000000c4000000, 0x0000000100000000)
  region size 1024K, 4 young (4096K), 4 survivors (4096K)
 Metaspace       used 58597K, capacity 60005K, committed 60160K, reserved 1101824K
  class space    used 7527K, capacity 8101K, committed 8192K, reserved 1048576K
}
Event: 49,846 GC heap before
{Heap before GC invocations=31 (full 0):
 garbage-first heap   total 92160K, used 67884K [0x00000000c4000000, 0x0000000100000000)
  region size 1024K, 43 young (44032K), 4 survivors (4096K)
 Metaspace       used 60163K, capacity 61663K, committed 61952K, reserved 1103872K
  class space    used 7753K, capacity 8325K, committed 8448K, reserved 1048576K
}
Event: 49,862 GC heap after
{Heap after GC invocations=32 (full 0):
 garbage-first heap   total 92160K, used 28927K [0x00000000c4000000, 0x0000000100000000)
  region size 1024K, 4 young (4096K), 4 survivors (4096K)
 Metaspace       used 60163K, capacity 61663K, committed 61952K, reserved 1103872K
  class space    used 7753K, capacity 8325K, committed 8448K, reserved 1048576K
}
Event: 99,941 GC heap before
{Heap before GC invocations=32 (full 0):
 garbage-first heap   total 92160K, used 67839K [0x00000000c4000000, 0x0000000100000000)
  region size 1024K, 42 young (43008K), 4 survivors (4096K)
 Metaspace       used 63422K, capacity 64979K, committed 65408K, reserved 1105920K
  class space    used 8154K, capacity 8728K, committed 8832K, reserved 1048576K
}
Event: 100,141 GC heap after
{Heap after GC invocations=33 (full 0):
 garbage-first heap   total 92160K, used 29506K [0x00000000c4000000, 0x0000000100000000)
  region size 1024K, 4 young (4096K), 4 survivors (4096K)
 Metaspace       used 63422K, capacity 64979K, committed 65408K, reserved 1105920K
  class space    used 8154K, capacity 8728K, committed 8832K, reserved 1048576K
}

