# JRE version: OpenJDK Runtime Environment (11.0.7+10) (build 11.0.7+10-post-Ubuntu-2ubuntu218.04)
# Java VM: OpenJDK 64-Bit Server VM (11.0.7+10-post-Ubuntu-2ubuntu218.04, mixed mode, sharing, tiered, compressed oops, g1 gc, linux-amd64)
Heap:
 garbage-first heap   total 110592K, used 74013K [0x00000000c4000000, 0x0000000100000000)
  region size 1024K, 49 young (50176K), 4 survivors (4096K)
 Metaspace       used 63734K, capacity 65300K, committed 65408K, reserved 1105920K
  class space    used 8191K, capacity 8793K, committed 8832K, reserved 1048576K
GC Heap History (20 events):
Event: 20,830 GC heap before
{Heap before GC invocations=18 (full 0):
 garbage-first heap   total 76800K, used 55827K [0x00000000c4000000, 0x0000000100000000)
  region size 1024K, 42 young (43008K), 4 survivors (4096K)
 Metaspace       used 34202K, capacity 35306K, committed 35456K, reserved 1079296K
  class space    used 4163K, capacity 4636K, committed 4736K, reserved 1048576K
}
Event: 20,845 GC heap after
{Heap after GC invocations=19 (full 0):
 garbage-first heap   total 76800K, used 18642K [0x00000000c4000000, 0x0000000100000000)
  region size 1024K, 4 young (4096K), 4 survivors (4096K)
 Metaspace       used 34202K, capacity 35306K, committed 35456K, reserved 1079296K
  class space    used 4163K, capacity 4636K, committed 4736K, reserved 1048576K
}
Event: 20,947 GC heap before
{Heap before GC invocations=19 (full 0):
 garbage-first heap   total 76800K, used 20690K [0x00000000c4000000, 0x0000000100000000)
  region size 1024K, 7 young (7168K), 4 survivors (4096K)
 Metaspace       used 34553K, capacity 35658K, committed 35840K, reserved 1081344K
  class space    used 4189K, capacity 4668K, committed 4736K, reserved 1048576K
}
Event: 20,963 GC heap after
{Heap after GC invocations=20 (full 0):
 garbage-first heap   total 76800K, used 18602K [0x00000000c4000000, 0x0000000100000000)
  region size 1024K, 4 young (4096K), 4 survivors (4096K)
 Metaspace       used 34553K, capacity 35658K, committed 35840K, reserved 1081344K
  class space    used 4189K, capacity 4668K, committed 4736K, reserved 1048576K
}
Event: 22,015 GC heap before
{Heap before GC invocations=21 (full 0):
 garbage-first heap   total 76800K, used 58538K [0x00000000c4000000, 0x0000000100000000)
  region size 1024K, 43 young (44032K), 4 survivors (4096K)
 Metaspace       used 37949K, capacity 39057K, committed 39296K, reserved 1083392K
  class space    used 4561K, capacity 4990K, committed 4992K, reserved 1048576K
}
Event: 22,035 GC heap after
{Heap after GC invocations=22 (full 0):
 garbage-first heap   total 92160K, used 19769K [0x00000000c4000000, 0x0000000100000000)
  region size 1024K, 5 young (5120K), 5 survivors (5120K)
 Metaspace       used 37949K, capacity 39057K, committed 39296K, reserved 1083392K
  class space    used 4561K, capacity 4990K, committed 4992K, reserved 1048576K
}
Event: 23,956 GC heap before
{Heap before GC invocations=22 (full 0):
 garbage-first heap   total 92160K, used 71993K [0x00000000c4000000, 0x0000000100000000)
  region size 1024K, 54 young (55296K), 5 survivors (5120K)
 Metaspace       used 42075K, capacity 43270K, committed 43648K, reserved 1087488K
  class space    used 5179K, capacity 5648K, committed 5760K, reserved 1048576K
}
Event: 23,967 GC heap after
{Heap after GC invocations=23 (full 0):
 garbage-first heap   total 92160K, used 22562K [0x00000000c4000000, 0x0000000100000000)
  region size 1024K, 4 young (4096K), 4 survivors (4096K)
 Metaspace       used 42075K, capacity 43270K, committed 43648K, reserved 1087488K
  class space    used 5179K, capacity 5648K, committed 5760K, reserved 1048576K
}
Event: 25,001 GC heap before
{Heap before GC invocations=23 (full 0):
 garbage-first heap   total 92160K, used 73762K [0x00000000c4000000, 0x0000000100000000)
  region size 1024K, 54 young (55296K), 4 survivors (4096K)
 Metaspace       used 46431K, capacity 47597K, committed 48128K, reserved 1091584K
  class space    used 5842K, capacity 6300K, committed 6400K, reserved 1048576K
}
Event: 25,011 GC heap after
{Heap after GC invocations=24 (full 0):
 garbage-first heap   total 92160K, used 23523K [0x00000000c4000000, 0x0000000100000000)
  region size 1024K, 5 young (5120K), 5 survivors (5120K)
 Metaspace       used 46431K, capacity 47597K, committed 48128K, reserved 1091584K
  class space    used 5842K, capacity 6300K, committed 6400K, reserved 1048576K
}
Event: 25,800 GC heap before
{Heap before GC invocations=24 (full 0):
 garbage-first heap   total 92160K, used 73699K [0x00000000c4000000, 0x0000000100000000)
  region size 1024K, 54 young (55296K), 5 survivors (5120K)
 Metaspace       used 50500K, capacity 51694K, committed 52096K, reserved 1093632K
  class space    used 6469K, capacity 6934K, committed 7040K, reserved 1048576K
}
Event: 25,812 GC heap after
{Heap after GC invocations=25 (full 0):
 garbage-first heap   total 92160K, used 24466K [0x00000000c4000000, 0x0000000100000000)
  region size 1024K, 5 young (5120K), 5 survivors (5120K)
 Metaspace       used 50500K, capacity 51694K, committed 52096K, reserved 1093632K
  class space    used 6469K, capacity 6934K, committed 7040K, reserved 1048576K
}
Event: 26,807 GC heap before
{Heap before GC invocations=25 (full 0):
 garbage-first heap   total 92160K, used 74642K [0x00000000c4000000, 0x0000000100000000)
  region size 1024K, 54 young (55296K), 5 survivors (5120K)
 Metaspace       used 54478K, capacity 55743K, committed 56192K, reserved 1097728K
  class space    used 6994K, capacity 7474K, committed 7552K, reserved 1048576K
}
Event: 26,817 GC heap after
{Heap after GC invocations=26 (full 0):
 garbage-first heap   total 92160K, used 25077K [0x00000000c4000000, 0x0000000100000000)
  region size 1024K, 5 young (5120K), 5 survivors (5120K)
 Metaspace       used 54478K, capacity 55743K, committed 56192K, reserved 1097728K
  class space    used 6994K, capacity 7474K, committed 7552K, reserved 1048576K
}
Event: 27,717 GC heap before
{Heap before GC invocations=26 (full 0):
 garbage-first heap   total 92160K, used 75253K [0x00000000c4000000, 0x0000000100000000)
  region size 1024K, 54 young (55296K), 5 survivors (5120K)
 Metaspace       used 57830K, capacity 59271K, committed 59776K, reserved 1101824K
  class space    used 7425K, capacity 7947K, committed 8064K, reserved 1048576K
}
Event: 27,734 GC heap after
{Heap after GC invocations=27 (full 0):
 garbage-first heap   total 92160K, used 26896K [0x00000000c4000000, 0x0000000100000000)
  region size 1024K, 5 young (5120K), 5 survivors (5120K)
 Metaspace       used 57830K, capacity 59271K, committed 59776K, reserved 1101824K
  class space    used 7425K, capacity 7947K, committed 8064K, reserved 1048576K
}
Event: 28,016 GC heap before
{Heap before GC invocations=27 (full 0):
 garbage-first heap   total 92160K, used 43280K [0x00000000c4000000, 0x0000000100000000)
  region size 1024K, 22 young (22528K), 5 survivors (5120K)
 Metaspace       used 58497K, capacity 59898K, committed 60160K, reserved 1101824K
  class space    used 7515K, capacity 8068K, committed 8192K, reserved 1048576K
}
Event: 28,029 GC heap after
{Heap after GC invocations=28 (full 0):
 garbage-first heap   total 92160K, used 27728K [0x00000000c4000000, 0x0000000100000000)
  region size 1024K, 5 young (5120K), 5 survivors (5120K)
 Metaspace       used 58497K, capacity 59898K, committed 60160K, reserved 1101824K
  class space    used 7515K, capacity 8068K, committed 8192K, reserved 1048576K
}
Event: 28,814 GC heap before
{Heap before GC invocations=29 (full 0):
 garbage-first heap   total 92160K, used 67664K [0x00000000c4000000, 0x0000000100000000)
  region size 1024K, 44 young (45056K), 5 survivors (5120K)
 Metaspace       used 59974K, capacity 61461K, committed 61568K, reserved 1101824K
  class space    used 7732K, capacity 8304K, committed 8320K, reserved 1048576K
}
Event: 28,832 GC heap after
{Heap after GC invocations=30 (full 0):
 garbage-first heap   total 110592K, used 28957K [0x00000000c4000000, 0x0000000100000000)
  region size 1024K, 4 young (4096K), 4 survivors (4096K)
 Metaspace       used 59974K, capacity 61461K, committed 61568K, reserved 1101824K
  class space    used 7732K, capacity 8304K, committed 8320K, reserved 1048576K
}

